[INFO] Scanning for projects...
[WARNING] 
[WARNING] Some problems were encountered while building the effective model for HelloWorld:HelloWorld:jar:1.0-SNAPSHOT
[WARNING] 'build.plugins.plugin.version' for org.apache.maven.plugins:maven-compiler-plugin is missing. @ line 44, column 13
[WARNING] 
[WARNING] It is highly recommended to fix these problems because they threaten the stability of your build.
[WARNING] 
[WARNING] For this reason, future Maven versions might no longer support building such malformed projects.
[WARNING] 
[INFO]                                                                         
[INFO] ------------------------------------------------------------------------
[INFO] Building HelloWorld 1.0-SNAPSHOT
[INFO] ------------------------------------------------------------------------
[INFO] 
[INFO] --- maven-resources-plugin:2.6:resources (default-resources) @ HelloWorld ---
[WARNING] Using platform encoding (UTF-8 actually) to copy filtered resources, i.e. build is platform dependent!
[INFO] Copying 4 resources
[INFO] 
[INFO] --- maven-compiler-plugin:3.1:compile (default-compile) @ HelloWorld ---
[INFO] Changes detected - recompiling the module!
[WARNING] File encoding has not been set, using platform encoding UTF-8, i.e. build is platform dependent!
[INFO] Compiling 4 source files to /root/workspace/mishaivchenko/HelloWorld/456379617/target/classes
[INFO] 
[INFO] --- maven-resources-plugin:2.6:testResources (default-testResources) @ HelloWorld ---
[WARNING] Using platform encoding (UTF-8 actually) to copy filtered resources, i.e. build is platform dependent!
[INFO] skip non existing resourceDirectory /root/workspace/mishaivchenko/HelloWorld/456379617/src/test/resources
[INFO] 
[INFO] --- maven-compiler-plugin:3.1:testCompile (default-testCompile) @ HelloWorld ---
[INFO] Changes detected - recompiling the module!
[WARNING] File encoding has not been set, using platform encoding UTF-8, i.e. build is platform dependent!
[INFO] Compiling 2 source files to /root/workspace/mishaivchenko/HelloWorld/456379617/target/test-classes
[INFO] 
[INFO] --- maven-surefire-plugin:2.12.4:test (default-test) @ HelloWorld ---
[INFO] Tests are skipped.
[INFO] 
[INFO] --- maven-jar-plugin:2.3.2:jar (default-jar) @ HelloWorld ---
[INFO] Building jar: /root/workspace/mishaivchenko/HelloWorld/456379617/target/HelloWorld.jar
[INFO] 
[INFO] --- maven-install-plugin:2.4:install (default-install) @ HelloWorld ---
[INFO] Installing /root/workspace/mishaivchenko/HelloWorld/456379617/target/HelloWorld.jar to /root/./workspace/mishaivchenko/HelloWorld/456379617/.m2/HelloWorld/HelloWorld/1.0-SNAPSHOT/HelloWorld-1.0-SNAPSHOT.jar
[INFO] Installing /root/workspace/mishaivchenko/HelloWorld/456379617/pom.xml to /root/./workspace/mishaivchenko/HelloWorld/456379617/.m2/HelloWorld/HelloWorld/1.0-SNAPSHOT/HelloWorld-1.0-SNAPSHOT.pom
[INFO] ------------------------------------------------------------------------
[INFO] BUILD SUCCESS
[INFO] ------------------------------------------------------------------------
[INFO] Total time: 3.680 s
[INFO] Finished at: 2018-11-24T09:44:33+01:00
[INFO] Final Memory: 18M/485M
[INFO] ------------------------------------------------------------------------
